<?xml version="1.0" encoding="UTF-8"?>
<testsuite xmlns:xsi="http://www.w3.org/2001/XMLSchema-instance" xsi:noNamespaceSchemaLocation="https://maven.apache.org/surefire/maven-surefire-plugin/xsd/surefire-test-report.xsd" name="com.nuwe.app.AppTest" time="0.321" tests="4" errors="0" skipped="0" failures="0">
  <properties>
    <property name="java.specification.version" value="22"/>
    <property name="sun.cpu.isalist" value="amd64"/>
    <property name="sun.jnu.encoding" value="Cp1252"/>
    <property name="java.class.path" value="C:\Users\Jjaavviieerroperro\Desktop\Bootcamp DS\RepositoriosGitHub\NUWE\Java\nuwe-software-java-alg1\target\test-classes;C:\Users\Jjaavviieerroperro\Desktop\Bootcamp DS\RepositoriosGitHub\NUWE\Java\nuwe-software-java-alg1\target\classes;C:\Users\Jjaavviieerroperro\.m2\repository\org\junit\jupiter\junit-jupiter-api\5.10.0\junit-jupiter-api-5.10.0.jar;C:\Users\Jjaavviieerroperro\.m2\repository\org\opentest4j\opentest4j\1.3.0\opentest4j-1.3.0.jar;C:\Users\Jjaavviieerroperro\.m2\repository\org\junit\platform\junit-platform-commons\1.10.0\junit-platform-commons-1.10.0.jar;C:\Users\Jjaavviieerroperro\.m2\repository\org\apiguardian\apiguardian-api\1.1.2\apiguardian-api-1.1.2.jar;C:\Users\Jjaavviieerroperro\.m2\repository\org\junit\jupiter\junit-jupiter-engine\5.10.0\junit-jupiter-engine-5.10.0.jar;C:\Users\Jjaavviieerroperro\.m2\repository\org\junit\platform\junit-platform-engine\1.10.0\junit-platform-engine-1.10.0.jar;C:\Users\Jjaavviieerroperro\.m2\repository\com\googlecode\json-simple\json-simple\1.1.1\json-simple-1.1.1.jar;C:\Users\Jjaavviieerroperro\.m2\repository\junit\junit\4.10\junit-4.10.jar;C:\Users\Jjaavviieerroperro\.m2\repository\org\hamcrest\hamcrest-core\1.1\hamcrest-core-1.1.jar;"/>
    <property name="java.vm.vendor" value="Oracle Corporation"/>
    <property name="sun.arch.data.model" value="64"/>
    <property name="user.variant" value=""/>
    <property name="java.vendor.url" value="https://java.oracle.com/"/>
    <property name="user.timezone" value="Europe/Madrid"/>
    <property name="os.name" value="Windows 10"/>
    <property name="java.vm.specification.version" value="22"/>
    <property name="sun.java.launcher" value="SUN_STANDARD"/>
    <property name="user.country" value="ES"/>
    <property name="sun.boot.library.path" value="C:\Program Files\OpenJDK\jdk-22.0.2\bin"/>
    <property name="sun.java.command" value="C:\Users\JJAAVV~1\AppData\Local\Temp\surefire6268567693832663452\surefirebooter12544019194478205970.jar C:\Users\Jjaavviieerroperro\AppData\Local\Temp\surefire6268567693832663452 2025-02-21T16-58-05_730-jvmRun1 surefire1081551258923600682tmp surefire_017028902979824506361tmp"/>
    <property name="jdk.debug" value="release"/>
    <property name="surefire.test.class.path" value="C:\Users\Jjaavviieerroperro\Desktop\Bootcamp DS\RepositoriosGitHub\NUWE\Java\nuwe-software-java-alg1\target\test-classes;C:\Users\Jjaavviieerroperro\Desktop\Bootcamp DS\RepositoriosGitHub\NUWE\Java\nuwe-software-java-alg1\target\classes;C:\Users\Jjaavviieerroperro\.m2\repository\org\junit\jupiter\junit-jupiter-api\5.10.0\junit-jupiter-api-5.10.0.jar;C:\Users\Jjaavviieerroperro\.m2\repository\org\opentest4j\opentest4j\1.3.0\opentest4j-1.3.0.jar;C:\Users\Jjaavviieerroperro\.m2\repository\org\junit\platform\junit-platform-commons\1.10.0\junit-platform-commons-1.10.0.jar;C:\Users\Jjaavviieerroperro\.m2\repository\org\apiguardian\apiguardian-api\1.1.2\apiguardian-api-1.1.2.jar;C:\Users\Jjaavviieerroperro\.m2\repository\org\junit\jupiter\junit-jupiter-engine\5.10.0\junit-jupiter-engine-5.10.0.jar;C:\Users\Jjaavviieerroperro\.m2\repository\org\junit\platform\junit-platform-engine\1.10.0\junit-platform-engine-1.10.0.jar;C:\Users\Jjaavviieerroperro\.m2\repository\com\googlecode\json-simple\json-simple\1.1.1\json-simple-1.1.1.jar;C:\Users\Jjaavviieerroperro\.m2\repository\junit\junit\4.10\junit-4.10.jar;C:\Users\Jjaavviieerroperro\.m2\repository\org\hamcrest\hamcrest-core\1.1\hamcrest-core-1.1.jar;"/>
    <property name="sun.cpu.endian" value="little"/>
    <property name="user.home" value="C:\Users\Jjaavviieerroperro"/>
    <property name="user.language" value="es"/>
    <property name="java.specification.vendor" value="Oracle Corporation"/>
    <property name="java.version.date" value="2024-07-16"/>
    <property name="java.home" value="C:\Program Files\OpenJDK\jdk-22.0.2"/>
    <property name="file.separator" value="\"/>
    <property name="basedir" value="C:\Users\Jjaavviieerroperro\Desktop\Bootcamp DS\RepositoriosGitHub\NUWE\Java\nuwe-software-java-alg1"/>
    <property name="java.vm.compressedOopsMode" value="32-bit"/>
    <property name="line.separator" value="&#10;"/>
    <property name="java.vm.specification.vendor" value="Oracle Corporation"/>
    <property name="java.specification.name" value="Java Platform API Specification"/>
    <property name="surefire.real.class.path" value="C:\Users\JJAAVV~1\AppData\Local\Temp\surefire6268567693832663452\surefirebooter12544019194478205970.jar"/>
    <property name="user.script" value=""/>
    <property name="sun.management.compiler" value="HotSpot 64-Bit Tiered Compilers"/>
    <property name="java.runtime.version" value="22.0.2+9-70"/>
    <property name="user.name" value="Jjaavviieerroperro"/>
    <property name="stdout.encoding" value="Cp1252"/>
    <property name="path.separator" value=";"/>
    <property name="os.version" value="10.0"/>
    <property name="java.runtime.name" value="OpenJDK Runtime Environment"/>
    <property name="file.encoding" value="UTF-8"/>
    <property name="java.vm.name" value="OpenJDK 64-Bit Server VM"/>
    <property name="localRepository" value="C:\Users\Jjaavviieerroperro\.m2\repository"/>
    <property name="java.vendor.url.bug" value="https://bugreport.java.com/bugreport/"/>
    <property name="java.io.tmpdir" value="C:\Users\JJAAVV~1\AppData\Local\Temp\"/>
    <property name="java.version" value="22.0.2"/>
    <property name="user.dir" value="C:\Users\Jjaavviieerroperro\Desktop\Bootcamp DS\RepositoriosGitHub\NUWE\Java\nuwe-software-java-alg1"/>
    <property name="os.arch" value="amd64"/>
    <property name="java.vm.specification.name" value="Java Virtual Machine Specification"/>
    <property name="sun.os.patch.level" value=""/>
    <property name="native.encoding" value="Cp1252"/>
    <property name="java.library.path" value="C:\Program Files\OpenJDK\jdk-22.0.2\bin;C:\WINDOWS\Sun\Java\bin;C:\WINDOWS\system32;C:\WINDOWS;C:\Program Files (x86)\Common Files\Oracle\Java\javapath;C:\windows\system32;C:\windows;C:\windows\System32\Wbem;C:\windows\System32\WindowsPowerShell\v1.0\;C:\windows\System32\OpenSSH\;C:\Program Files (x86)\NVIDIA Corporation\PhysX\Common;C:\Program Files\NVIDIA Corporation\NVIDIA NvDLISR;C:\WINDOWS\system32;C:\WINDOWS;C:\WINDOWS\System32\Wbem;C:\WINDOWS\System32\WindowsPowerShell\v1.0\;C:\WINDOWS\System32\OpenSSH\;C:\Program Files\dotnet\;C:\Program Files\nodejs\;C:\Desktop\Blanca\MySQL;C:\Program Files\Git\cmd;C:\Program Files\Docker\Docker\resources\bin;C:\Users\Jjaavviieerroperro\AppData\Local\Programs\Python\Python312\Scripts\;C:\Users\Jjaavviieerroperro\AppData\Local\Programs\Python\Python312\;C:\Users\Jjaavviieerroperro\AppData\Local\Programs\Python\Python311\Scripts\;C:\Users\Jjaavviieerroperro\AppData\Local\Programs\Python\Python311\;C:\Users\Jjaavviieerroperro\AppData\Local\Microsoft\WindowsApps;C:\Users\Jjaavviieerroperro\AppData\Local\Programs\Microsoft VS Code\bin;C:\Users\Jjaavviieerroperro\AppData\Roaming\npm;C:\Users\Jjaavviieerroperro\AppData\Local\GitHubDesktop\bin;C:\Users\Jjaavviieerroperro\Desktop\Bootcamp DS\Terraform;;C:\ProgramData\chocolatey\lib\maven\apache-maven-3.9.9\bin;C:\Program Files\OpenJDK\jdk-22.0.2\bin;."/>
    <property name="java.vm.info" value="mixed mode, sharing"/>
    <property name="stderr.encoding" value="Cp1252"/>
    <property name="java.vendor" value="Oracle Corporation"/>
    <property name="java.vm.version" value="22.0.2+9-70"/>
    <property name="sun.io.unicode.encoding" value="UnicodeLittle"/>
    <property name="java.class.version" value="66.0"/>
  </properties>
  <testcase name="shouldBubbleSort" classname="com.nuwe.app.AppTest" time="0.224"/>
  <testcase name="shouldQuickSort" classname="com.nuwe.app.AppTest" time="0.011"/>
  <testcase name="shouldMergeSort" classname="com.nuwe.app.AppTest" time="0.009"/>
  <testcase name="shouldHeapSort" classname="com.nuwe.app.AppTest" time="0.009"/>
</testsuite>